<?xml version="1.0" encoding="UTF-8"?>
<!-- Generated by org.testng.reporters.JUnitReportReporter -->
<testsuite hostname="DESKTOP-B9R9RH8" failures="0" tests="3" name="webdriver.Topic_01_Check_Environment" time="0.203" errors="0" timestamp="08 Apr 2022 23:55:21 GMT" skipped="0">
  <testcase classname="webdriver.Topic_01_Check_Environment" name="TC_01_ValidateCurrentUrl" time="0.018"/>
  <testcase classname="webdriver.Topic_01_Check_Environment" name="TC_02_ValidatePageTitle" time="0.008"/>
  <testcase classname="webdriver.Topic_01_Check_Environment" name="TC_03_LoginFormDisplayed" time="0.177"/>
</testsuite> <!-- webdriver.Topic_01_Check_Environment -->
