<?xml version="1.0" encoding="UTF-8"?>
<!-- Generated by org.testng.reporters.JUnitReportReporter -->
<testsuite hostname="DESKTOP-B9R9RH8" failures="0" tests="3" name="webdriver.Topic_01_Check_Environment" time="0.253" errors="0" timestamp="11 Mar 2022 00:14:06 GMT" skipped="0">
  <testcase classname="webdriver.Topic_01_Check_Environment" name="TC_03_LoginFormDisplayed" time="0.183"/>
  <testcase classname="webdriver.Topic_01_Check_Environment" name="TC_01_ValidateCurrentUrl" time="0.056"/>
  <testcase classname="webdriver.Topic_01_Check_Environment" name="TC_02_ValidatePageTitle" time="0.014"/>
</testsuite> <!-- webdriver.Topic_01_Check_Environment -->
